<?xml version="1.0" encoding="UTF-8"?>
<robot generator="Robot 3.2.1 (Python 3.7.3 on darwin)" generated="20200620 12:51:25.105" rpa="false">
<suite id="s1" name="Test 1" source="/Users/pwaszczuk/elektro/robotframe/test_1.robot">
<test id="s1-t1" name="Test No One Test Space">
<kw name="Log To Console" library="BuiltIn">
<doc>Logs the given message to the console.</doc>
<arguments>
<arg>Test print</arg>
</arguments>
<status status="PASS" starttime="20200620 12:51:25.127" endtime="20200620 12:51:25.127"></status>
</kw>
<status status="PASS" starttime="20200620 12:51:25.127" endtime="20200620 12:51:25.128" critical="yes"></status>
</test>
<test id="s1-t2" name="Test No Two Test Space">
<kw name="Log To Console" library="BuiltIn">
<doc>Logs the given message to the console.</doc>
<arguments>
<arg>${MY_STRING}</arg>
</arguments>
<status status="PASS" starttime="20200620 12:51:25.128" endtime="20200620 12:51:25.128"></status>
</kw>
<status status="PASS" starttime="20200620 12:51:25.128" endtime="20200620 12:51:25.129" critical="yes"></status>
</test>
<test id="s1-t3" name="Test No Three Test Space">
<kw name="Show in console">
<arguments>
<arg>My own string</arg>
</arguments>
<kw name="Log To Console" library="BuiltIn">
<doc>Logs the given message to the console.</doc>
<arguments>
<arg>${text}</arg>
</arguments>
<status status="PASS" starttime="20200620 12:51:25.129" endtime="20200620 12:51:25.130"></status>
</kw>
<status status="PASS" starttime="20200620 12:51:25.129" endtime="20200620 12:51:25.130"></status>
</kw>
<status status="PASS" starttime="20200620 12:51:25.129" endtime="20200620 12:51:25.130" critical="yes"></status>
</test>
<test id="s1-t4" name="Test No Four Test Space">
<kw name="Fun" library="funcs">
<arguments>
<arg>1</arg>
<arg>2</arg>
</arguments>
<assign>
<var>${assert}</var>
</assign>
<msg timestamp="20200620 12:51:25.131" level="INFO">${assert} = 1 ma 2</msg>
<status status="PASS" starttime="20200620 12:51:25.130" endtime="20200620 12:51:25.131"></status>
</kw>
<kw name="Show in console">
<arguments>
<arg>${assert}</arg>
</arguments>
<kw name="Log To Console" library="BuiltIn">
<doc>Logs the given message to the console.</doc>
<arguments>
<arg>${text}</arg>
</arguments>
<status status="PASS" starttime="20200620 12:51:25.131" endtime="20200620 12:51:25.131"></status>
</kw>
<status status="PASS" starttime="20200620 12:51:25.131" endtime="20200620 12:51:25.131"></status>
</kw>
<kw name="Should Be Equal" library="BuiltIn">
<doc>Fails if the given objects are unequal.</doc>
<arguments>
<arg>${assert}</arg>
<arg>1 ma 2</arg>
</arguments>
<status status="PASS" starttime="20200620 12:51:25.132" endtime="20200620 12:51:25.132"></status>
</kw>
<status status="PASS" starttime="20200620 12:51:25.130" endtime="20200620 12:51:25.132" critical="yes"></status>
</test>
<status status="PASS" starttime="20200620 12:51:25.107" endtime="20200620 12:51:25.132"></status>
</suite>
<statistics>
<total>
<stat pass="4" fail="0">Critical Tests</stat>
<stat pass="4" fail="0">All Tests</stat>
</total>
<tag>
</tag>
<suite>
<stat pass="4" fail="0" id="s1" name="Test 1">Test 1</stat>
</suite>
</statistics>
<errors>
</errors>
</robot>
